Flow report for fpgaminer
Tue Jul 13 18:21:28 2021
Quartus Prime Version 16.1.0 Build 196 10/24/2016 SJ Lite Edition


---------------------
; Table of Contents ;
---------------------
  1. Legal Notice
  2. Flow Summary
  3. Flow Settings
  4. Flow Non-Default Global Settings
  5. Flow Elapsed Time
  6. Flow OS Summary
  7. Flow Log
  8. Flow Messages
  9. Flow Suppressed Messages



----------------
; Legal Notice ;
----------------
Copyright (C) 2016  Intel Corporation. All rights reserved.
Your use of Intel Corporation's design tools, logic functions 
and other software and tools, and its AMPP partner logic 
functions, and any output files from any of the foregoing 
(including device programming or simulation files), and any 
associated documentation or information are expressly subject 
to the terms and conditions of the Intel Program License 
Subscription Agreement, the Intel Quartus Prime License Agreement,
the Intel MegaCore Function License Agreement, or other 
applicable license agreement, including, without limitation, 
that your use is for the sole purpose of programming logic 
devices manufactured by Intel and sold by Intel or its 
authorized distributors.  Please refer to the applicable 
agreement for further details.



+-------------------------------------------------------------------------------+
; Flow Summary                                                                  ;
+---------------------------------+---------------------------------------------+
; Flow Status                     ; Successful - Tue Jul 13 18:21:28 2021       ;
; Quartus Prime Version           ; 16.1.0 Build 196 10/24/2016 SJ Lite Edition ;
; Revision Name                   ; fpgaminer                                   ;
; Top-level Entity Name           ; fpgaminer_top                               ;
; Family                          ; Cyclone V                                   ;
; Device                          ; 5CEBA4F23C7                                 ;
; Timing Models                   ; Final                                       ;
; Logic utilization (in ALMs)     ; 6,044 / 18,480 ( 33 % )                     ;
; Total registers                 ; 12500                                       ;
; Total pins                      ; 11 / 224 ( 5 % )                            ;
; Total virtual pins              ; 0                                           ;
; Total block memory bits         ; 8,512 / 3,153,920 ( < 1 % )                 ;
; Total DSP Blocks                ; 0 / 66 ( 0 % )                              ;
; Total HSSI RX PCSs              ; 0                                           ;
; Total HSSI PMA RX Deserializers ; 0                                           ;
; Total HSSI TX PCSs              ; 0                                           ;
; Total HSSI PMA TX Serializers   ; 0                                           ;
; Total PLLs                      ; 1 / 4 ( 25 % )                              ;
; Total DLLs                      ; 0 / 4 ( 0 % )                               ;
+---------------------------------+---------------------------------------------+


+-----------------------------------------+
; Flow Settings                           ;
+-------------------+---------------------+
; Option            ; Setting             ;
+-------------------+---------------------+
; Start date & time ; 07/13/2021 15:32:28 ;
; Main task         ; Compilation         ;
; Revision Name     ; fpgaminer           ;
+-------------------+---------------------+


+-----------------------------------------------------------------------------------------------------------------------------------------+
; Flow Non-Default Global Settings                                                                                                        ;
+-----------------------------------------------+----------------------------------------+---------------+---------------+----------------+
; Assignment Name                               ; Value                                  ; Default Value ; Entity Name   ; Section Id     ;
+-----------------------------------------------+----------------------------------------+---------------+---------------+----------------+
; ALLOW_ANY_RAM_SIZE_FOR_RECOGNITION            ; On                                     ; Off           ; --            ; --             ;
; ALLOW_ANY_ROM_SIZE_FOR_RECOGNITION            ; On                                     ; Off           ; --            ; --             ;
; ALLOW_ANY_SHIFT_REGISTER_SIZE_FOR_RECOGNITION ; On                                     ; Off           ; --            ; --             ;
; COMPILER_SIGNATURE_ID                         ; 145667773729055.162620114708940        ; --            ; --            ; --             ;
; EDA_ENABLE_GLITCH_FILTERING                   ; Off                                    ; --            ; --            ; eda_simulation ;
; EDA_MAP_ILLEGAL_CHARACTERS                    ; Off                                    ; --            ; --            ; eda_simulation ;
; EDA_OUTPUT_DATA_FORMAT                        ; None                                   ; --            ; --            ; eda_simulation ;
; EDA_TEST_BENCH_DESIGN_INSTANCE_NAME           ; moogerfoogin                           ; --            ; --            ; eda_simulation ;
; EDA_TIME_SCALE                                ; 1 ps                                   ; --            ; --            ; eda_simulation ;
; EDA_WRITE_NODES_FOR_POWER_ESTIMATION          ; Off                                    ; --            ; --            ; eda_simulation ;
; MAX_CORE_JUNCTION_TEMP                        ; 85                                     ; --            ; --            ; --             ;
; MIN_CORE_JUNCTION_TEMP                        ; 0                                      ; --            ; --            ; --             ;
; PARTITION_COLOR                               ; -- (Not supported for targeted family) ; --            ; fpgaminer_top ; Top            ;
; PARTITION_FITTER_PRESERVATION_LEVEL           ; -- (Not supported for targeted family) ; --            ; fpgaminer_top ; Top            ;
; PARTITION_NETLIST_TYPE                        ; -- (Not supported for targeted family) ; --            ; fpgaminer_top ; Top            ;
; POWER_BOARD_THERMAL_MODEL                     ; None (CONSERVATIVE)                    ; --            ; --            ; --             ;
; POWER_DEFAULT_TOGGLE_RATE                     ; 65%                                    ; 12.5%         ; --            ; --             ;
; POWER_PRESET_COOLING_SOLUTION                 ; No Heat Sink With Still Air            ; --            ; --            ; --             ;
; POWER_USE_PVA                                 ; Off                                    ; On            ; --            ; --             ;
; PROJECT_OUTPUT_DIRECTORY                      ; quartus_output                         ; --            ; --            ; --             ;
; REMOVE_REDUNDANT_LOGIC_CELLS                  ; On                                     ; Off           ; --            ; --             ;
; TOP_LEVEL_ENTITY                              ; fpgaminer_top                          ; fpgaminer     ; --            ; --             ;
; VERILOG_MACRO                                 ; SPEED_MHZ=4                            ; --            ; --            ; --             ;
; VERILOG_SHOW_LMF_MAPPING_MESSAGES             ; Off                                    ; --            ; --            ; --             ;
+-----------------------------------------------+----------------------------------------+---------------+---------------+----------------+


+----------------------------------------------------------------------------------------------------------------------------------------------------+
; Flow Elapsed Time                                                                                                                                  ;
+------------------------------------------------+--------------+-------------------------+---------------------+------------------------------------+
; Module Name                                    ; Elapsed Time ; Average Processors Used ; Peak Virtual Memory ; Total CPU Time (on all processors) ;
+------------------------------------------------+--------------+-------------------------+---------------------+------------------------------------+
; Analysis & Synthesis                           ; 00:01:53     ; 1.2                     ; 5092 MB             ; 00:02:30                           ;
; Fitter                                         ; 00:07:40     ; 1.1                     ; 6207 MB             ; 00:13:19                           ;
; Assembler                                      ; 00:00:22     ; 1.0                     ; 4923 MB             ; 00:00:17                           ;
; TimeQuest Timing Analyzer                      ; 00:01:12     ; 1.6                     ; 5296 MB             ; 00:01:44                           ;
; PowerPlay Power Analyzer                       ; 00:01:46     ; 1.4                     ; 5399 MB             ; 00:01:38                           ;
; PowerPlay Power Analyzer                       ; 00:02:05     ; 1.4                     ; 5317 MB             ; 00:01:43                           ;
; PowerPlay Early Power Estimator File Generator ; 00:00:48     ; 1.0                     ; 5219 MB             ; 00:00:25                           ;
; Total                                          ; 00:15:46     ; --                      ; --                  ; 00:21:36                           ;
+------------------------------------------------+--------------+-------------------------+---------------------+------------------------------------+


+--------------------------------------------------------------------------------------------------------------+
; Flow OS Summary                                                                                              ;
+------------------------------------------------+------------------+------------+------------+----------------+
; Module Name                                    ; Machine Hostname ; OS Name    ; OS Version ; Processor type ;
+------------------------------------------------+------------------+------------+------------+----------------+
; Analysis & Synthesis                           ; DESKTOP-GPTKV5C  ; Windows 10 ; 10.0       ; x86_64         ;
; Fitter                                         ; DESKTOP-GPTKV5C  ; Windows 10 ; 10.0       ; x86_64         ;
; Assembler                                      ; DESKTOP-GPTKV5C  ; Windows 10 ; 10.0       ; x86_64         ;
; TimeQuest Timing Analyzer                      ; DESKTOP-GPTKV5C  ; Windows 10 ; 10.0       ; x86_64         ;
; PowerPlay Power Analyzer                       ; DESKTOP-GPTKV5C  ; Windows 10 ; 10.0       ; x86_64         ;
; PowerPlay Power Analyzer                       ; DESKTOP-GPTKV5C  ; Windows 10 ; 10.0       ; x86_64         ;
; PowerPlay Early Power Estimator File Generator ; DESKTOP-GPTKV5C  ; Windows 10 ; 10.0       ; x86_64         ;
+------------------------------------------------+------------------+------------+------------+----------------+


------------
; Flow Log ;
------------
quartus_map --read_settings_files=on --write_settings_files=off fpgaminer -c fpgaminer
quartus_fit --read_settings_files=off --write_settings_files=off fpgaminer -c fpgaminer
quartus_asm --read_settings_files=off --write_settings_files=off fpgaminer -c fpgaminer
quartus_sta fpgaminer -c fpgaminer
quartus_pow --read_settings_files=on --write_settings_files=off fpgaminer -c fpgaminer
quartus_pow --read_settings_files=on --write_settings_files=off fpgaminer -c fpgaminer
quartus_pow --read_settings_files=on --write_settings_files=off fpgaminer -c fpgaminer --estimate_power=off --output_epe=fpgaminer_early_pwr.csv



